"../../../Engine/Content/EngineFonts/Roboto.uasset" 0
"../../../Engine/Content/Functions/Engine_MaterialFunctions01/Shading/PowerToRoughness.uasset" 1
"../../../Engine/Content/Functions/Engine_MaterialFunctions01/Shading/ConvertFromDiffSpec.uasset" 2
"../../../Engine/Content/EngineMaterials/DefaultDiffuse.uasset" 3
"../../../Engine/Content/EngineMaterials/DefaultDeferredDecalMaterial.uasset" 4
"../../../Engine/Content/EngineMaterials/DefaultLightFunctionMaterial.uasset" 5
"../../../Engine/Content/Functions/Engine_MaterialFunctions02/Utility/BreakOutFloat2Components.uasset" 6
"../../../Engine/Content/EngineMaterials/DefaultPostProcessMaterial.uasset" 7
"../../../Engine/Content/EngineResources/DefaultTexture.uasset" 8
"../../../Engine/Content/Functions/Engine_MaterialFunctions01/Texturing/ScaleUVsByCenter.uasset" 9
"../../../Engine/Content/Functions/Engine_MaterialFunctions02/ScreenResolution.uasset" 10
"../../../Engine/Content/Functions/Engine_MaterialFunctions02/Texturing/ScreenAlignedUVs.uasset" 11
"../../../Engine/Content/EngineResources/WhiteSquareTexture.uasset" 12
"../../../Engine/Content/EngineMaterials/Widget3DPassThrough.uasset" 13
"../../../Engine/Content/EngineMaterials/Widget3DPassThrough_Translucent.uasset" 14
"../../../Engine/Content/EngineMaterials/Widget3DPassThrough_Translucent_OneSided.uasset" 15
"../../../Engine/Content/EngineMaterials/Widget3DPassThrough_Opaque.uasset" 16
"../../../Engine/Content/EngineMaterials/Widget3DPassThrough_Opaque_OneSided.uasset" 17
"../../../Engine/Content/EngineMaterials/Widget3DPassThrough_Masked.uasset" 18
"../../../Engine/Content/EngineMaterials/Widget3DPassThrough_Masked_OneSided.uasset" 19
"../../../Engine/Content/EditorResources/S_Actor.uasset" 20
"../../../Engine/Content/EngineResources/AICON-Red.uasset" 21
"../../../Engine/Content/EngineResources/AICON-Green.uasset" 22
"../../../Engine/Content/EditorMaterials/Camera/CineMat.uasset" 23
"../../../Engine/Content/EditorMaterials/Camera/MI_CineMat_Rig.uasset" 24
"../../../Engine/Content/EditorMeshes/Camera/SM_CraneRig_Base.uasset" 25
"../../../Engine/Content/EditorMeshes/Camera/SM_CraneRig_Arm.uasset" 26
"../../../Engine/Content/EditorMeshes/Camera/SM_CraneRig_Mount.uasset" 27
"../../../Engine/Content/EditorMeshes/Camera/SM_CraneRig_Body.uasset" 28
"../../../Engine/Content/EditorMeshes/Camera/SM_RailRig_Track.uasset" 29
"../../../Engine/Content/EditorMeshes/Camera/SM_RailRig_Mount.uasset" 30
"../../../Engine/Content/EditorMaterials/AssetViewer/EpicQuadPanorama_CC+EV1.uasset" 31
"../../../Engine/Content/EditorResources/RGBTable16x1_AssetViewer.uasset" 32
"../../../Engine/Content/Maps/Templates/Thumbnails/Default.uasset" 33
"../../../Engine/Content/Maps/Templates/Thumbnails/VR-Basic.uasset" 34
"../../../Engine/Content/EditorMaterials/ParticleSystems/PSysThumbnail_NoImage.uasset" 35
"../../../Engine/Content/EditorMaterials/ParticleSystems/PSysThumbnail_OOD.uasset" 36
"../../../Engine/Content/EditorLandscapeResources/DataLayer.uasset" 37
"../../../Engine/Content/EngineDamageTypes/DmgTypeBP_Environmental.uasset" 38
"../../../Engine/Content/EngineMeshes/Sphere.uasset" 39
"../../../Engine/Content/EngineFonts/RobotoDistanceField.uasset" 40
"../../../Engine/Content/EngineMaterials/DefaultTextMaterialOpaque.uasset" 41
"../../../Engine/Content/EditorResources/S_Trigger.uasset" 42
"../../../Engine/Content/EngineResources/GradientTexture0.uasset" 43
"../../../Engine/Content/EngineResources/Black.uasset" 44
"../../../Engine/Content/EditorMaterials/MatineeGroups/MAT_Groups_Float.uasset" 45
"../../../Engine/Content/EditorMaterials/MatineeGroups/MAT_Groups_Director.uasset" 46
"../../../Engine/Content/EditorMaterials/MatineeGroups/MAT_Groups_Event.uasset" 47
"../../../Engine/Content/EditorMaterials/MatineeGroups/MAT_Groups_Anim.uasset" 48
"../../../Engine/Content/EditorMaterials/MatineeGroups/MAT_Groups_Fade.uasset" 49
"../../../Engine/Content/EditorMaterials/MatineeGroups/MAT_Groups_Move.uasset" 50
"../../../Engine/Content/EditorMaterials/MatineeGroups/MAT_Groups_Slomo.uasset" 51
"../../../Engine/Content/EditorMaterials/MatineeGroups/MAT_ColorTrack.uasset" 52
"../../../Engine/Content/EditorMaterials/MAT_Groups_Toggle.uasset" 53
"../../../Engine/Content/EditorMaterials/MatineeGroups/MAT_Groups_AudioMaster.uasset" 54
"../../../Engine/Content/EditorMaterials/MatineeGroups/MAT_Groups_Sound.uasset" 55
"../../../Engine/Content/EditorMaterials/MatineeGroups/MAT_Groups_Vector.uasset" 56
"../../../Engine/Content/EditorMaterials/MAT_Groups_Visibility.uasset" 57
"../../../Engine/Content/EngineResources/DefaultTextureCube.uasset" 58
"../../../Engine/Content/Functions/Engine_MaterialFunctions01/Opacity/CameraDepthFade.uasset" 59
"../../../Engine/Content/EngineMaterials/T_Default_Material_Grid_M.uasset" 60
"../../../Engine/Content/EngineMaterials/T_Default_Material_Grid_N.uasset" 61
"../../../Engine/Content/EngineMaterials/DefaultMaterial.uasset" 62
"../../../Engine/Content/EngineMeshes/Cylinder.uasset" 63
"../../../Engine/Content/EngineTireTypes/DefaultTireType.uasset" 64
"../../../Engine/Content/VREditor/LaserPointer/VR_LaserPower_01.uasset" 65
"../../../Engine/Content/VREditor/TransformGizmo/TransformGizmoMaterial.uasset" 66
"../../../Engine/Content/VREditor/TransformGizmo/TranslucentTransformGizmoMaterial.uasset" 67
"../../../Engine/Content/VREditor/TransformGizmo/UniformScaleHandle.uasset" 68
"../../../Engine/Content/VREditor/TransformGizmo/TranslateHandleLong.uasset" 69
"../../../Engine/Content/VREditor/TransformGizmo/PlaneTranslationHandle.uasset" 70
"../../../Engine/Content/VREditor/TransformGizmo/RotationHandleFull.uasset" 71
"../../../Engine/Content/VREditor/TransformGizmo/StretchingHandle.uasset" 72
"../../../Engine/Content/VREditor/TransformGizmo/BoundingBoxCorner.uasset" 73
"../../../Engine/Content/VREditor/TransformGizmo/BoundingBoxEdge.uasset" 74
"../../../Engine/Content/VREditor/UI/SelectionBarMesh.uasset" 75
"../../../Engine/Content/VREditor/UI/CloseButtonMesh.uasset" 76
"../../../Engine/Content/VREditor/FloatingText/LineMaterial.uasset" 77
"../../../Engine/Content/VREditor/FloatingText/LineSegmentCylinder.uasset" 78
"../../../Engine/Content/VREditor/FloatingText/JointSphere.uasset" 79
"../../../Engine/Content/VREditor/Fonts/VRText_RobotoLarge.uasset" 80
"../../../Engine/Content/VREditor/Fonts/VRTextMaterial.uasset" 81
"../../../Engine/Content/VREditor/Fonts/TranslucentVRTextMaterial.uasset" 82
"../../../Engine/Content/VREditor/TransformGizmo/TranslationHandle.uasset" 83
"../../../Engine/Content/VREditor/TransformGizmo/RotationHandle.uasset" 84
"../../../Engine/Content/VREditor/Devices/Generic/GenericHMDMaterial.uasset" 85
"../../../Engine/Content/VREditor/Devices/Generic/GenericHMD.uasset" 86
"../../../Engine/Content/Functions/Engine_MaterialFunctions01/Gradient/RadialGradient.uasset" 87
"../../../Engine/Content/EditorLandscapeResources/FlattenHeightMat.uasset" 88
"../../../Engine/Content/VREditor/WorldMovementGrid/PlaneMesh.uasset" 89
"../../../Engine/Content/VREditor/WorldMovementGrid/SimpleGrid.uasset" 90
"../../../Engine/Content/VREditor/WorldMovementGrid/GridMaterial.uasset" 91
"../../../Engine/Content/VREditor/LaserPointer/LaserPointerMaterial.uasset" 92
"../../../Engine/Content/VREditor/LaserPointer/LaserPointerMaterialInst.uasset" 93
"../../../Engine/Content/VREditor/LaserPointer/TranslucentLaserPointerMaterialInst.uasset" 94
"../../../Engine/Content/VREditor/LaserPointer/LaserPointerMesh.uasset" 95
"../../../Engine/Content/Functions/Engine_MaterialFunctions01/Density/ExponentialDensity.uasset" 96
"../../../Engine/Content/VREditor/WorldMovementGrid/GridPostProcess.uasset" 97
"../../../Engine/Content/VREditor/Sounds/VR_teleport_Cue.uasset" 98
"../../../Engine/Content/VREditor/Sounds/VR_grab_Cue.uasset" 99
"../../../Engine/Content/Tutorial/ContentIntroCurve.uasset" 100
"../../../Engine/Plugins/2D/Paper2D/Content/PlaceholderTextures/DummySpriteTexture.uasset" 101
"../../../Engine/Plugins/2D/Paper2D/Content/DefaultSpriteMaterial.uasset" 102
"../../../Engine/Plugins/2D/Paper2D/Content/MaskedUnlitSpriteMaterial.uasset" 103
"../../../Engine/Plugins/2D/Paper2D/Content/OpaqueUnlitSpriteMaterial.uasset" 104
"../../../Engine/Plugins/2D/Paper2D/Content/DummySprite.uasset" 105
"../../../Engine/Plugins/2D/Paper2D/Content/DefaultPaperTerrainMaterial.uasset" 106
"../../../Engine/Content/EngineMaterials/RemoveSurfaceMaterial.uasset" 107
"../../../Engine/Content/EngineDebugMaterials/DebugMeshMaterial.uasset" 108
"../../../Engine/Content/EngineMaterials/InvalidLightmapSettings.uasset" 109
"../../../Engine/Content/EngineMaterials/M_InvalidLightmapSettings.uasset" 110
"../../../Engine/Content/EditorMaterials/GizmoMaterial.uasset" 111
"../../../Engine/Content/EngineMaterials/PhAT_JointLimitMaterial.uasset" 112
"../../../Engine/Content/EngineMaterials/Good64x64TilingNoiseHighFreq.uasset" 113
"../../../Engine/Content/EngineMaterials/DefaultBokeh.uasset" 114
"../../../Engine/Content/EngineMaterials/PreintegratedSkinBRDF.uasset" 115
"../../../Engine/Content/EngineMaterials/MiniFont.uasset" 116
"../../../Engine/Content/EngineMaterials/WeightMapPlaceholderTexture.uasset" 117
"../../../Engine/Content/EngineMaterials/DefaultWhiteGrid.uasset" 118
"../../../Engine/Content/EngineMaterials/DefaultPhysicalMaterial.uasset" 119
"../../../Engine/Content/EngineFonts/RobotoTiny.uasset" 120
"../../../Engine/Content/EditorSounds/Notifications/CompileSuccess.uasset" 121
"../../../Engine/Content/EditorSounds/Notifications/CompileStart_Cue.uasset" 122
"../../../Engine/Content/EditorSounds/Notifications/CompileSuccess_Cue.uasset" 123
"../../../Engine/Content/EditorSounds/Notifications/CompileFailed.uasset" 124
"../../../Engine/Content/EditorSounds/Notifications/CompileFailed_Cue.uasset" 125
"../../../Engine/Content/BasicShapes/Sphere.uasset" 126
"../../../Engine/Content/BasicShapes/Cylinder.uasset" 127
"../../../Engine/Content/EngineDebugMaterials/GeomMaterial.uasset" 128
"../../../Engine/Content/BasicShapes/Cone.uasset" 129
"../../../Engine/Content/EditorResources/BSPVertex.uasset" 130
"../../../Engine/Content/EngineDebugMaterials/HeatmapGradient.uasset" 131
"../../../Engine/Content/EngineDebugMaterials/BoneWeightMaterial.uasset" 132
"../../../Engine/Content/EditorMaterials/PreviewShadowIndicator.uasset" 133
"../../../Engine/Content/EditorMaterials/PreviewShadowIndicatorMaterial.uasset" 134
"../../../Engine/Content/EngineMaterials/EditorBrushMaterial.uasset" 135
"../../../Castle/Content/Mannequin/Character/Mesh/UE4_Mannequin_Skeleton.uasset" 136
"../../../Castle/Content/Mannequin/Animations/ThirdPerson_Jump.uasset" 137
"../../../Castle/Content/Mannequin/Animations/ThirdPersonJump_Loop.uasset" 138
"../../../Castle/Content/Mannequin/Animations/ThirdPersonJump_Start.uasset" 139
"../../../Castle/Content/Mannequin/Animations/ThirdPersonIdle.uasset" 140
"../../../Castle/Content/Mannequin/Animations/ThirdPersonRun.uasset" 141
"../../../Castle/Content/Mannequin/Animations/ThirdPersonWalk.uasset" 142
"../../../Castle/Content/Mannequin/Animations/ThirdPerson_IdleRun_2D.uasset" 143
"../../../Engine/Content/EditorBlueprintResources/StandardMacros.uasset" 144
"../../../Castle/Content/Mannequin/Animations/ThirdPerson_AnimBP.uasset" 145
"../../../Castle/Content/Animations/character_test_anims/testswing.uasset" 146
"../../../Engine/Content/Functions/Engine_MaterialFunctions02/Utility/BlendAngleCorrectedNormals.uasset" 147
"../../../Engine/Content/Functions/MaterialLayerFunctions/MatLayerBlend_NormalBlend.uasset" 148
"../../../Engine/Content/Functions/MaterialLayerFunctions/MatLayerBlend_Simple.uasset" 149
"../../../Castle/Content/Mannequin/Character/Materials/MaterialLayers/T_ML_Rubber_Blue_01_D.uasset" 150
"../../../Castle/Content/Mannequin/Character/Materials/MaterialLayers/T_ML_Rubber_Blue_01_N.uasset" 151
"../../../Castle/Content/Mannequin/Character/Materials/MaterialLayers/ML_GlossyBlack_Latex_UE4.uasset" 152
"../../../Castle/Content/Mannequin/Character/Materials/MaterialLayers/ML_Plastic_Shiny_Beige.uasset" 153
"../../../Castle/Content/Mannequin/Character/Textures/UE4_LOGO_CARD.uasset" 154
"../../../Castle/Content/Mannequin/Character/Materials/MaterialLayers/ML_Plastic_Shiny_Beige_LOGO.uasset" 155
"../../../Castle/Content/Mannequin/Character/Materials/MaterialLayers/T_ML_Aluminum01.uasset" 156
"../../../Castle/Content/Mannequin/Character/Materials/MaterialLayers/T_ML_Aluminum01_N.uasset" 157
"../../../Castle/Content/Mannequin/Character/Materials/MaterialLayers/ML_SoftMetal_UE4.uasset" 158
"../../../Castle/Content/Mannequin/Character/Textures/UE4_Mannequin__normals.uasset" 159
"../../../Castle/Content/Mannequin/Character/Textures/UE4_Mannequin_MAT_MASKA.uasset" 160
"../../../Castle/Content/Mannequin/Character/Materials/M_UE4Man_Body.uasset" 161
"../../../Castle/Content/Mannequin/Character/Textures/UE4Man_Logo_N.uasset" 162
"../../../Castle/Content/Mannequin/Character/Materials/M_UE4Man_ChestLogo.uasset" 163
"../../../Castle/Content/Mannequin/Character/Mesh/SK_Mannequin_PhysicsAsset.uasset" 164
"../../../Castle/Content/Mannequin/Character/Mesh/SK_Mannequin.uasset" 165
"../../../Castle/Content/SideScrollerBP/Blueprints/SideScrollerCharacter.uasset" 166
"../../../Castle/Content/SideScrollerBP/Blueprints/SideScrollerGameMode.uasset" 167
"../../../Engine/Content/MobileResources/HUD/VirtualJoystick_Background.uasset" 168
"../../../Engine/Content/MobileResources/HUD/VirtualJoystick_Thumb.uasset" 169
"../../../Engine/Content/MobileResources/HUD/LeftVirtualJoystickOnly.uasset" 170
"../../../Engine/Content/Tutorial/BlueprintTutorials/TutorialAssets/Blueprint_64x.uasset" 171
"../../../Engine/Content/Tutorial/SubEditors/TutorialAssets/icon_Editor_Preferences_General_40x.uasset" 172
"../../../Engine/Content/Tutorial/Paper2D/TutorialAssets/Paper2DSprite_TutorialIcon.uasset" 173
"../../../Engine/Content/Tutorial/SubEditors/TutorialAssets/icon_ShowSkeletalMeshes_40x.uasset" 174
"../../../Engine/Content/Tutorial/Landscape/TutorialAssets/Landscape.uasset" 175
"../../../Engine/Content/Tutorial/Foliage/TutorialAssets/Foliage.uasset" 176
"../../../Engine/Content/Tutorial/Basics/TutorialAssets/icon_tab_Levels_40x.uasset" 177
"../../../Engine/Content/Tutorial/BlueprintTutorials/TutorialAssets/BlueprintMacroLibrary_64x.uasset" 178
"../../../Engine/Content/Tutorial/BlueprintTutorials/TutorialAssets/BlueprintInterface_64x.uasset" 179
"../../../Engine/Content/Tutorial/Paper2D/TutorialAssets/Paper2DFlipbook_TutorialIcon.uasset" 180
"../../../Engine/Content/MobileResources/HUD/T_Castle_ThumbstickInner.uasset" 181
"../../../Engine/Content/MobileResources/HUD/MobileHUDDirectionPad3.uasset" 182
"../../../Engine/Content/EditorResources/EmptyActor.uasset" 183
"../../../Engine/Content/MobileResources/HUD/MobileHUDDirectionPad.uasset" 184
"../../../Engine/Content/MobileResources/HUD/MobileHUDButton3.uasset" 185
"../../../Engine/Content/MobileResources/HUD/MobileHUDButton2_on.uasset" 186
"../../../Engine/Content/MobileResources/HUD/MobileHUDButton2_off.uasset" 187
"../../../Engine/Content/MobileResources/HUD/MobileHUDButton1_on.uasset" 188
"../../../Engine/Content/MobileResources/HUD/MobileHUDButton1_off.uasset" 189
"../../../Engine/Content/MobileResources/HUD/DefaultVirtualJoysticks.uasset" 190
"../../../Engine/Content/EngineMeshes/Cube.uasset" 191
"../../../Engine/Content/Tutorial/BlueprintTutorials/TutorialAssets/Tutorial_BP_Interface.uasset" 192
"../../../Engine/Content/EngineMaterials/WorldGridMaterial.uasset" 193
"../../../Engine/Content/EditorMeshes/EditorCube.uasset" 194
"../../../Engine/Content/Tutorial/SubEditors/TutorialAssets/Tutorial_DM.uasset" 195
"../../../Engine/Content/Tutorial/SubEditors/TutorialAssets/TutorialMaterial.uasset" 196
"../../../Engine/Content/Tutorial/SubEditors/TutorialAssets/T_SmokeSubUV_8X8.uasset" 197
"../../../Engine/Content/Tutorial/SubEditors/TutorialAssets/T_soft_smoke.uasset" 198
"../../../Engine/Content/Tutorial/SubEditors/TutorialAssets/M_smoke_subUV_blackbody.uasset" 199
"../../../Engine/Content/Tutorial/SubEditors/TutorialAssets/TutorialParticleSystem.uasset" 200
"../../../Engine/Content/EditorResources/AudioIcons/S_AudioComponent_AutoActivate.uasset" 201
"../../../Engine/Content/EditorResources/AudioIcons/S_AudioComponent.uasset" 202
"../../../Engine/Content/EditorResources/LightIcons/S_LightError.uasset" 203
"../../../Castle/Content/StarterContent/Materials/M_Basic_Wall.uasset" 204
"../../../Castle/Content/StarterContent/Shapes/Shape_WideCapsule.uasset" 205
"../../../Castle/Content/StarterContent/Shapes/Shape_Wedge_B.uasset" 206
"../../../Castle/Content/StarterContent/Shapes/Shape_Wedge_A.uasset" 207
"../../../Castle/Content/StarterContent/Shapes/Shape_Tube.uasset" 208
"../../../Castle/Content/StarterContent/Shapes/Shape_TriPyramid.uasset" 209
"../../../Castle/Content/StarterContent/Shapes/Shape_Trim_90_Out.uasset" 210
"../../../Castle/Content/StarterContent/Shapes/Shape_Trim_90_In.uasset" 211
"../../../Castle/Content/StarterContent/Shapes/Shape_Trim.uasset" 212
"../../../Castle/Content/StarterContent/Shapes/Shape_Torus.uasset" 213
"../../../Castle/Content/StarterContent/Shapes/Shape_Plane.uasset" 214
"../../../Castle/Content/StarterContent/Shapes/Shape_Pipe_90.uasset" 215
"../../../Castle/Content/StarterContent/Shapes/Shape_Pipe_180.uasset" 216
"../../../Castle/Content/StarterContent/Shapes/Shape_Pipe.uasset" 217
"../../../Castle/Content/StarterContent/Shapes/Shape_NarrowCapsule.uasset" 218
"../../../Castle/Content/StarterContent/Shapes/Shape_Cylinder.uasset" 219
"../../../Castle/Content/StarterContent/Shapes/Shape_Cone.uasset" 220
"../../../Castle/Content/StarterContent/Materials/M_Basic_Floor.uasset" 221
"../../../Castle/Content/StarterContent/Props/SM_Stairs.uasset" 222
"../../../Castle/Content/StarterContent/Textures/T_Shelf_M.uasset" 223
"../../../Castle/Content/StarterContent/Textures/T_Shelf_N.uasset" 224
"../../../Castle/Content/StarterContent/Props/Materials/M_Shelf.uasset" 225
"../../../Castle/Content/StarterContent/Props/SM_Shelf.uasset" 226
"../../../Castle/Content/StarterContent/Textures/T_Detail_Rocky_N.uasset" 227
"../../../Castle/Content/StarterContent/Textures/T_Rock_Basalt_D.uasset" 228
"../../../Castle/Content/StarterContent/Textures/T_RockMesh_M.uasset" 229
"../../../Castle/Content/StarterContent/Textures/T_RockMesh_N.uasset" 230
"../../../Castle/Content/StarterContent/Props/Materials/M_Rock.uasset" 231
"../../../Castle/Content/StarterContent/Props/SM_Rock.uasset" 232
"../../../Castle/Content/StarterContent/Props/Materials/M_MaterialSphere.uasset" 233
"../../../Castle/Content/StarterContent/Props/Materials/M_MaterialSphere_Plain.uasset" 234
"../../../Castle/Content/StarterContent/Props/SM_MatPreviewMesh_02.uasset" 235
"../../../Castle/Content/StarterContent/Materials/M_Glass.uasset" 236
"../../../Castle/Content/StarterContent/Textures/T_Door_M.uasset" 237
"../../../Castle/Content/StarterContent/Textures/T_Door_N.uasset" 238
"../../../Castle/Content/StarterContent/Props/Materials/M_Door.uasset" 239
"../../../Castle/Content/StarterContent/Props/SM_Door.uasset" 240
"../../../Castle/Content/StarterContent/Textures/T_Chair_M.uasset" 241
"../../../Castle/Content/StarterContent/Textures/T_Chair_N.uasset" 242
"../../../Castle/Content/StarterContent/Props/Materials/M_Chair.uasset" 243
"../../../Castle/Content/StarterContent/Props/SM_Couch.uasset" 244
"../../../Castle/Content/StarterContent/Textures/T_Bush_D.uasset" 245
"../../../Castle/Content/StarterContent/Textures/T_Bush_N.uasset" 246
"../../../Castle/Content/StarterContent/Props/Materials/M_Bush.uasset" 247
"../../../Castle/Content/StarterContent/Props/SM_Bush.uasset" 248
"../../../Engine/Content/EditorMeshes/ColorCalibrator/T_ColorGrid.uasset" 249
"../../../Castle/Content/StarterContent/Materials/M_ColorGrid_LowSpec.uasset" 250
"../../../Castle/Content/StarterContent/Audio/Explosion_Cue.uasset" 251
"../../../Castle/Content/StarterContent/Textures/T_Burst_M.uasset" 252
"../../../Castle/Content/StarterContent/Particles/Materials/M_Burst.uasset" 253
"../../../Castle/Content/StarterContent/Textures/T_Explosion_SubUV.uasset" 254
"../../../Castle/Content/StarterContent/Particles/Materials/M_explosion_subUV.uasset" 255
"../../../Castle/Content/StarterContent/Particles/Materials/m_flare_01.uasset" 256
"../../../Castle/Content/StarterContent/Particles/Materials/M_radial_ramp.uasset" 257
"../../../Castle/Content/StarterContent/Textures/T_Smoke_SubUV.uasset" 258
"../../../Castle/Content/StarterContent/Textures/T_Smoke_Tiled_D.uasset" 259
"../../../Castle/Content/StarterContent/Particles/Materials/M_smoke_subUV.uasset" 260
"../../../Castle/Content/StarterContent/Particles/P_Explosion.uasset" 261
"../../../Castle/Content/StarterContent/Blueprints/Blueprint_Effect_Explosion.uasset" 262
"../../../Castle/Content/StarterContent/Audio/Light02_Cue.uasset" 263
"../../../Castle/Content/StarterContent/Audio/Light01_Cue.uasset" 264
"../../../Castle/Content/StarterContent/Architecture/Wall_Window_400x400.uasset" 265
"../../../Castle/Content/StarterContent/Architecture/Wall_Door_400x400.uasset" 266
"../../../Castle/Content/StarterContent/Architecture/Wall_500x500.uasset" 267
"../../../Castle/Content/StarterContent/Architecture/Wall_400x400.uasset" 268
"../../../Castle/Content/StarterContent/Architecture/Wall_400x300.uasset" 269
"../../../Castle/Content/StarterContent/Architecture/Pillar_50x500.uasset" 270
"../../../Castle/Content/SideScrollerBP/Meshes/CubeMaterial.uasset" 271
"../../../Castle/Content/SideScrollerBP/Meshes/Ramp_Mesh.uasset" 272
"../../../Castle/Content/SideScrollerBP/Blueprints/TestEnemy.uasset" 273
"../../../Engine/Content/MobileResources/HUD/MobileHUDDirectionPad2.uasset" 274
"../../../Castle/Content/Mannequin/Animations/ThirdPersonJump_End.uasset" 275
"../../../Castle/Content/Geometry/Meshes/CubeMaterial.uasset" 276
"../../../Castle/Content/Geometry/Meshes/1M_Cube_Chamfer.uasset" 277
"../../../Castle/Content/Environment/meshes/plat.uasset" 278
"../../../Castle/Content/Environment/meshes/coffin_a.uasset" 279
"../../../Castle/Content/Environment/meshes/cell_arch.uasset" 280
"../../../Castle/Content/Environment/meshes/4_pillars_no_top.uasset" 281
"../../../Castle/Content/Environment/materials/checkerfloor/checkerbase.uasset" 282
"../../../Castle/Content/Environment/materials/checkerfloor/checkernorm.uasset" 283
"../../../Castle/Content/Environment/materials/checkerfloor/checkerfloor.uasset" 284
"../../../Engine/Content/MobileResources/HUD/MobileHUDDirectionStick.uasset" 285
"../../../Engine/Content/MobileResources/HUD/T_Castle_ThumbstickOutter.uasset" 286
"../../../Engine/Content/MobileResources/HUD/MobileHUDButtonFire.uasset" 287
"../../../Engine/Content/MobileResources/HUD/AnalogHat.uasset" 288
"../../../Engine/Content/MobileResources/T_MobileMenu2.uasset" 289
"../../../Engine/Content/MobileResources/T_MobileControls_texture.uasset" 290
"../../../Engine/Content/EngineSky/C_Sky_Cloud_Color.uasset" 291
"../../../Engine/Content/EngineSky/C_Sky_Horizon_Color.uasset" 292
"../../../Engine/Content/EngineSky/C_Sky_Zenith_Color.uasset" 293
"../../../Engine/Content/EngineSky/T_Sky_Blue.uasset" 294
"../../../Engine/Content/EngineSky/T_Sky_Clouds_M.uasset" 295
"../../../Engine/Content/EngineSky/T_Sky_Stars.uasset" 296
"../../../Engine/Content/EngineSky/M_Sky_Panning_Clouds2.uasset" 297
"../../../Engine/Content/EngineSky/SM_SkySphere.uasset" 298
"../../../Engine/Content/EngineSky/BP_Sky_Sphere.uasset" 299
"../../../Engine/Content/Functions/Engine_MaterialFunctions03/Procedurals/ComputeFilterWidth.uasset" 300
"../../../Engine/Content/EngineMaterials/AntiAliasedTextMaterialTranslucent.uasset" 301
"../../../Castle/Content/Geometry/Meshes/1M_Cube.uasset" 302
"../../../Castle/Content/Geometry/Meshes/TemplateFloor.uasset" 303
"../../../Castle/Content/SideScrollerBP/Maps/SideScrollerExampleMap.umap" 304
"../../../Engine/Content/EngineMaterials/DefaultNormal.uasset" 305
"../../../Engine/Content/Maps/Entry.umap" 306
"../../../Castle/Content/StarterContent/Audio/Fire01_Cue.uasset" 307
"../../../Castle/Content/StarterContent/Textures/T_Fire_SubUV.uasset" 308
"../../../Castle/Content/StarterContent/Textures/T_Fire_Tiled_D.uasset" 309
"../../../Castle/Content/StarterContent/Particles/Materials/M_Fire_SubUV.uasset" 310
"../../../Castle/Content/StarterContent/Textures/T_Water_N.uasset" 311
"../../../Castle/Content/StarterContent/Particles/Materials/M_Heat_Distortion.uasset" 312
"../../../Castle/Content/StarterContent/Particles/Materials/M_Radial_Gradient.uasset" 313
"../../../Castle/Content/StarterContent/Particles/P_Fire.uasset" 314
"../../../Castle/Content/StarterContent/Blueprints/Blueprint_Effect_Fire.uasset" 315
"../../../Castle/Content/StarterContent/Audio/Smoke01_Cue.uasset" 316
"../../../Castle/Content/StarterContent/Particles/P_Smoke.uasset" 317
"../../../Castle/Content/StarterContent/Blueprints/Blueprint_Effect_Smoke.uasset" 318
"../../../Castle/Content/StarterContent/Audio/Fire_Sparks01_Cue.uasset" 319
"../../../Castle/Content/StarterContent/Textures/T_Spark_Core.uasset" 320
"../../../Castle/Content/StarterContent/Particles/Materials/M_Spark.uasset" 321
"../../../Castle/Content/StarterContent/Particles/P_Sparks.uasset" 322
"../../../Castle/Content/StarterContent/Blueprints/Blueprint_Effect_Sparks.uasset" 323
"../../../Castle/Content/StarterContent/Audio/Steam01_Cue.uasset" 324
"../../../Castle/Content/StarterContent/Particles/P_Steam_Lit.uasset" 325
"../../../Castle/Content/StarterContent/Blueprints/Blueprint_Effect_Steam.uasset" 326
"../../../Castle/Content/StarterContent/Textures/T_Lamp_M.uasset" 327
"../../../Castle/Content/StarterContent/Textures/T_Lamp_N.uasset" 328
"../../../Castle/Content/StarterContent/Props/Materials/M_Lamp.uasset" 329
"../../../Castle/Content/StarterContent/Props/SM_Lamp_Ceiling.uasset" 330
"../../../Castle/Content/StarterContent/Blueprints/Blueprint_CeilingLight.uasset" 331
"../../../Castle/Content/StarterContent/Props/SM_Lamp_Wall.uasset" 332
"../../../Castle/Content/StarterContent/Blueprints/Blueprint_WallSconce.uasset" 333
"../../../Castle/Content/StarterContent/Textures/T_Brick_Clay_Beveled_D.uasset" 334
"../../../Castle/Content/StarterContent/Textures/T_Brick_Clay_Beveled_M.uasset" 335
"../../../Castle/Content/StarterContent/Textures/T_Brick_Clay_Beveled_N.uasset" 336
"../../../Castle/Content/StarterContent/Textures/T_MacroVariation.uasset" 337
"../../../Castle/Content/StarterContent/Materials/M_Brick_Clay_Beveled.uasset" 338
"../../../Castle/Content/StarterContent/Textures/T_Brick_Clay_New_D.uasset" 339
"../../../Castle/Content/StarterContent/Textures/T_Brick_Clay_New_M.uasset" 340
"../../../Castle/Content/StarterContent/Textures/T_Brick_Clay_New_N.uasset" 341
"../../../Castle/Content/StarterContent/Materials/M_Brick_Clay_New.uasset" 342
"../../../Castle/Content/StarterContent/Textures/T_Brick_Clay_Old_D.uasset" 343
"../../../Castle/Content/StarterContent/Textures/T_Brick_Clay_Old_N.uasset" 344
"../../../Castle/Content/StarterContent/Textures/T_Perlin_Noise_M.uasset" 345
"../../../Castle/Content/StarterContent/Materials/M_Brick_Clay_Old.uasset" 346
"../../../Castle/Content/StarterContent/Textures/T_Brick_Cut_Stone_D.uasset" 347
"../../../Castle/Content/StarterContent/Textures/T_Brick_Cut_Stone_N.uasset" 348
"../../../Castle/Content/StarterContent/Materials/M_Brick_Cut_Stone.uasset" 349
"../../../Castle/Content/StarterContent/Textures/T_Brick_Hewn_Stone_D.uasset" 350
"../../../Castle/Content/StarterContent/Textures/T_Brick_Hewn_Stone_M.uasset" 351
"../../../Castle/Content/StarterContent/Textures/T_Brick_Hewn_Stone_N.uasset" 352
"../../../Castle/Content/StarterContent/Materials/M_Brick_Hewn_Stone.uasset" 353
"../../../Castle/Content/StarterContent/Textures/T_Ceramic_Tile_M.uasset" 354
"../../../Castle/Content/StarterContent/Textures/T_Ceramic_Tile_N.uasset" 355
"../../../Castle/Content/StarterContent/Textures/T_Rock_Marble_Polished_D.uasset" 356
"../../../Castle/Content/StarterContent/Materials/M_Ceramic_Tile_Checker.uasset" 357
"../../../Castle/Content/StarterContent/Textures/T_CobbleStone_Pebble_D.uasset" 358
"../../../Castle/Content/StarterContent/Textures/T_CobbleStone_Pebble_M.uasset" 359
"../../../Castle/Content/StarterContent/Textures/T_CobbleStone_Pebble_N.uasset" 360
"../../../Castle/Content/StarterContent/Materials/M_CobbleStone_Pebble.uasset" 361
"../../../Castle/Content/StarterContent/Textures/T_CobbleStone_Rough_D.uasset" 362
"../../../Castle/Content/StarterContent/Textures/T_CobbleStone_Rough_N.uasset" 363
"../../../Castle/Content/StarterContent/Textures/T_Gradinet_01.uasset" 364
"../../../Castle/Content/StarterContent/Textures/T_Rock_Smooth_Granite_D.uasset" 365
"../../../Castle/Content/StarterContent/Materials/M_CobbleStone_Rough.uasset" 366
"../../../Castle/Content/StarterContent/Textures/T_CobbleStone_Smooth_D.uasset" 367
"../../../Castle/Content/StarterContent/Textures/T_CobbleStone_Smooth_M.uasset" 368
"../../../Castle/Content/StarterContent/Textures/T_CobbleStone_Smooth_N.uasset" 369
"../../../Castle/Content/StarterContent/Materials/M_CobbleStone_Smooth.uasset" 370
"../../../Castle/Content/StarterContent/Textures/T_Concrete_Grime_D.uasset" 371
"../../../Castle/Content/StarterContent/Textures/T_Metal_Rust_N.uasset" 372
"../../../Castle/Content/StarterContent/Materials/M_Concrete_Grime.uasset" 373
"../../../Castle/Content/StarterContent/Textures/T_Concrete_Panels_D.uasset" 374
"../../../Castle/Content/StarterContent/Textures/T_Concrete_Panels_N.uasset" 375
"../../../Castle/Content/StarterContent/Materials/M_Concrete_Panels.uasset" 376
"../../../Castle/Content/StarterContent/Textures/T_Concrete_Poured_D.uasset" 377
"../../../Castle/Content/StarterContent/Textures/T_Concrete_Poured_N.uasset" 378
"../../../Castle/Content/StarterContent/Materials/M_Concrete_Poured.uasset" 379
"../../../Castle/Content/StarterContent/Textures/T_Concrete_Tiles_D.uasset" 380
"../../../Castle/Content/StarterContent/Textures/T_Concrete_Tiles_M.uasset" 381
"../../../Castle/Content/StarterContent/Textures/T_Concrete_Tiles_N.uasset" 382
"../../../Castle/Content/StarterContent/Textures/T_Concrete_Tiles_Variation_M.uasset" 383
"../../../Castle/Content/StarterContent/Materials/M_Concrete_Tiles.uasset" 384
"../../../Castle/Content/StarterContent/Textures/T_Ground_Grass_D.uasset" 385
"../../../Castle/Content/StarterContent/Textures/T_Ground_Grass_N.uasset" 386
"../../../Castle/Content/StarterContent/Materials/M_Ground_Grass.uasset" 387
"../../../Castle/Content/StarterContent/Textures/T_Ground_Gravel_D.uasset" 388
"../../../Castle/Content/StarterContent/Textures/T_Ground_Gravel_N.uasset" 389
"../../../Castle/Content/StarterContent/Materials/M_Ground_Gravel.uasset" 390
"../../../Castle/Content/StarterContent/Textures/T_ground_Moss_D.uasset" 391
"../../../Castle/Content/StarterContent/Textures/T_Ground_Moss_N.uasset" 392
"../../../Castle/Content/StarterContent/Materials/M_Ground_Moss.uasset" 393
"../../../Castle/Content/StarterContent/Materials/M_Metal_Brushed_Nickel.uasset" 394
"../../../Castle/Content/StarterContent/Textures/T_Metal_Aluminum_D.uasset" 395
"../../../Castle/Content/StarterContent/Textures/T_Metal_Gold_N.uasset" 396
"../../../Castle/Content/StarterContent/Materials/M_Metal_Burnished_Steel.uasset" 397
"../../../Castle/Content/StarterContent/Materials/M_Metal_Chrome.uasset" 398
"../../../Castle/Content/StarterContent/Textures/T_Metal_Copper_D.uasset" 399
"../../../Castle/Content/StarterContent/Materials/M_Metal_Copper.uasset" 400
"../../../Castle/Content/StarterContent/Textures/T_Metal_Gold_D.uasset" 401
"../../../Castle/Content/StarterContent/Materials/M_Metal_Gold.uasset" 402
"../../../Castle/Content/StarterContent/Textures/T_Metal_Rust_D.uasset" 403
"../../../Castle/Content/StarterContent/Materials/M_Metal_Rust.uasset" 404
"../../../Castle/Content/StarterContent/Textures/T_Metal_Steel_D.uasset" 405
"../../../Castle/Content/StarterContent/Textures/T_Metal_Steel_N.uasset" 406
"../../../Castle/Content/StarterContent/Materials/M_Metal_Steel.uasset" 407
"../../../Castle/Content/StarterContent/Textures/T_Rock_Basalt_N.uasset" 408
"../../../Castle/Content/StarterContent/Materials/M_Rock_Basalt.uasset" 409
"../../../Castle/Content/StarterContent/Materials/M_Rock_Marble_Polished.uasset" 410
"../../../Castle/Content/StarterContent/Textures/T_Rock_Sandstone_D.uasset" 411
"../../../Castle/Content/StarterContent/Textures/T_Rock_Sandstone_N.uasset" 412
"../../../Castle/Content/StarterContent/Materials/M_Rock_Sandstone.uasset" 413
"../../../Castle/Content/StarterContent/Textures/T_Rock_Slate_D.uasset" 414
"../../../Castle/Content/StarterContent/Textures/T_Rock_Slate_N.uasset" 415
"../../../Castle/Content/StarterContent/Materials/M_Rock_Slate.uasset" 416
"../../../Castle/Content/StarterContent/Textures/T_Checker_Noise_M.uasset" 417
"../../../Castle/Content/StarterContent/Textures/T_Single_Tile_N.uasset" 418
"../../../Castle/Content/StarterContent/Textures/T_Tech_Dot_M.uasset" 419
"../../../Castle/Content/StarterContent/Textures/T_Tech_Dot_N.uasset" 420
"../../../Castle/Content/StarterContent/Materials/M_Tech_Checker_Dot.uasset" 421
"../../../Castle/Content/StarterContent/Textures/T_Tech_Hex_Tile_M.uasset" 422
"../../../Castle/Content/StarterContent/Textures/T_Tech_Hex_Tile_N.uasset" 423
"../../../Castle/Content/StarterContent/Materials/M_Tech_Hex_Tile.uasset" 424
"../../../Castle/Content/StarterContent/Materials/M_Tech_Hex_Tile_Pulse.uasset" 425
"../../../Castle/Content/StarterContent/Textures/T_Tech_Panel_M.uasset" 426
"../../../Castle/Content/StarterContent/Textures/T_Tech_Panel_N.uasset" 427
"../../../Castle/Content/StarterContent/Materials/M_Tech_Panel.uasset" 428
"../../../Castle/Content/StarterContent/Materials/M_Water_Lake.uasset" 429
"../../../Castle/Content/StarterContent/Textures/T_Water_M.uasset" 430
"../../../Castle/Content/StarterContent/Materials/M_Water_Ocean.uasset" 431
"../../../Castle/Content/StarterContent/Textures/T_Wood_Floor_Walnut_D.uasset" 432
"../../../Castle/Content/StarterContent/Textures/T_Wood_Floor_Walnut_M.uasset" 433
"../../../Castle/Content/StarterContent/Textures/T_Wood_Floor_Walnut_N.uasset" 434
"../../../Castle/Content/StarterContent/Materials/M_Wood_Floor_Walnut_Polished.uasset" 435
"../../../Engine/Content/Functions/Engine_MaterialFunctions01/Opacity/AlphaOffset.uasset" 436
"../../../Castle/Content/StarterContent/Materials/M_Wood_Floor_Walnut_Worn.uasset" 437
"../../../Castle/Content/StarterContent/Textures/T_Wood_Oak_D.uasset" 438
"../../../Castle/Content/StarterContent/Textures/T_Wood_Oak_N.uasset" 439
"../../../Castle/Content/StarterContent/Materials/M_Wood_Oak.uasset" 440
"../../../Castle/Content/StarterContent/Textures/T_Wood_Pine_D.uasset" 441
"../../../Castle/Content/StarterContent/Textures/T_Wood_Pine_N.uasset" 442
"../../../Castle/Content/StarterContent/Materials/M_Wood_Pine.uasset" 443
"../../../Castle/Content/StarterContent/Textures/T_Wood_Walnut_D.uasset" 444
"../../../Castle/Content/StarterContent/Textures/T_Wood_Walnut_N.uasset" 445
"../../../Castle/Content/StarterContent/Materials/M_Wood_Walnut.uasset" 446
"../../../Castle/Content/StarterContent/Architecture/Floor_400x400.uasset" 447
"../../../Castle/Content/StarterContent/Architecture/Wall_400x200.uasset" 448
"../../../Castle/Content/StarterContent/Architecture/Wall_Door_400x300.uasset" 449
"../../../Castle/Content/StarterContent/Architecture/Wall_Window_400x300.uasset" 450
"../../../Castle/Content/StarterContent/Audio/Collapse_Cue.uasset" 451
"../../../Castle/Content/StarterContent/Audio/Starter_Background_Cue.uasset" 452
"../../../Castle/Content/StarterContent/Audio/Starter_Music_Cue.uasset" 453
"../../../Castle/Content/StarterContent/Textures/T_Dust_Particle_D.uasset" 454
"../../../Castle/Content/StarterContent/Particles/Materials/M_Dust_Particle.uasset" 455
"../../../Castle/Content/StarterContent/Particles/P_Ambient_Dust.uasset" 456
"../../../Castle/Content/StarterContent/Props/MaterialSphere.uasset" 457
"../../../Castle/Content/StarterContent/Props/SM_Chair.uasset" 458
"../../../Castle/Content/StarterContent/Textures/T_Frame_M.uasset" 459
"../../../Castle/Content/StarterContent/Textures/T_Frame_N.uasset" 460
"../../../Castle/Content/StarterContent/Props/Materials/M_Frame.uasset" 461
"../../../Castle/Content/StarterContent/Props/SM_CornerFrame.uasset" 462
"../../../Castle/Content/StarterContent/Props/SM_DoorFrame.uasset" 463
"../../../Castle/Content/StarterContent/Props/SM_GlassWindow.uasset" 464
"../../../Castle/Content/StarterContent/Props/SM_PillarFrame.uasset" 465
"../../../Castle/Content/StarterContent/Props/SM_PillarFrame300.uasset" 466
"../../../Castle/Content/StarterContent/Textures/T_Statue_M.uasset" 467
"../../../Castle/Content/StarterContent/Textures/T_Statue_N.uasset" 468
"../../../Castle/Content/StarterContent/Props/Materials/M_Statue.uasset" 469
"../../../Castle/Content/StarterContent/Props/Materials/M_StatueGlass.uasset" 470
"../../../Castle/Content/StarterContent/Props/SM_Statue.uasset" 471
"../../../Castle/Content/StarterContent/Textures/T_TableRound_M.uasset" 472
"../../../Castle/Content/StarterContent/Textures/T_TableRound_N.uasset" 473
"../../../Castle/Content/StarterContent/Props/Materials/M_TableRound.uasset" 474
"../../../Castle/Content/StarterContent/Props/SM_TableRound.uasset" 475
"../../../Castle/Content/StarterContent/Props/SM_WindowFrame.uasset" 476
"../../../Castle/Content/StarterContent/Shapes/Shape_Cube.uasset" 477
"../../../Castle/Content/StarterContent/Shapes/Shape_QuadPyramid.uasset" 478
"../../../Castle/Content/StarterContent/Shapes/Shape_Sphere.uasset" 479
"../../../Castle/Content/StarterContent/Maps/StarterMap.umap" 480
"../../../Castle/Content/StarterContent/Blueprints/Assets/FogBrightnessLUT.uasset" 481
"../../../Castle/Content/StarterContent/Blueprints/Assets/SunlightColorLUT.uasset" 482
"../../../Castle/Content/StarterContent/Blueprints/Assets/M_LightStage_Arrows.uasset" 483
"../../../Engine/Content/MapTemplates/Sky/DaylightAmbientCubemap.uasset" 484
"../../../Castle/Content/StarterContent/Blueprints/Assets/M_LightStage_Skybox_Master.uasset" 485
"../../../Castle/Content/StarterContent/Blueprints/Assets/M_LightStage_Skybox_Black.uasset" 486
"../../../Castle/Content/StarterContent/Blueprints/Assets/M_LightStage_Skybox_HDRI.uasset" 487
"../../../Engine/Content/EditorMaterials/Thumbnails/SkySphereMaterial.uasset" 488
"../../../Castle/Content/StarterContent/Blueprints/Assets/Skybox.uasset" 489
"../../../Castle/Content/StarterContent/Blueprints/Assets/SM_Arrows.uasset" 490
"../../../Castle/Content/StarterContent/HDRI/HDRI_Epic_Courtyard_Daylight.uasset" 491
"../../../Castle/Content/StarterContent/Blueprints/BP_LightStudio.uasset" 492
"../../../Castle/Content/StarterContent/Materials/M_AssetPlatform.uasset" 493
"../../../Engine/Content/EditorMeshes/ColorCalibrator/M_ChromeBall.uasset" 494
"../../../Engine/Content/EditorMeshes/ColorCalibrator/M_ClearCoat.uasset" 495
"../../../Engine/Content/EditorMeshes/ColorCalibrator/M_ClearCoatBlack.uasset" 496
"../../../Engine/Content/EditorMeshes/ColorCalibrator/M_ColorGrid.uasset" 497
"../../../Engine/Content/EditorMeshes/ColorCalibrator/M_GreyBall.uasset" 498
"../../../Engine/Content/EditorMeshes/ColorCalibrator/SM_ColorCalibrator.uasset" 499
"../../../Castle/Content/StarterContent/Architecture/SM_AssetPlatform.uasset" 500
"../../../Castle/Content/StarterContent/Maps/Advanced_Lighting.umap" 501
"../../../Castle/Content/StarterContent/Maps/Minimal_Default.umap" 502
"../../../Engine/Content/BasicShapes/BasicShapeMaterial.uasset" 503
"../../../Castle/Content/Environment/materials/brickwall/brickwallbase.uasset" 504
"../../../Castle/Content/Environment/materials/brickwall/brickwallnorm.uasset" 505
"../../../Castle/Content/Environment/materials/brickwall/brickwall.uasset" 506
"../../../Engine/Content/BasicShapes/Cube.uasset" 507
"../../../Castle/Content/Environment/meshes/book.uasset" 508
"../../../Castle/Content/Environment/meshes/book_shelf.uasset" 509
"../../../Castle/Content/Environment/meshes/door_a.uasset" 510
"../../../Castle/Content/Environment/meshes/pillar.uasset" 511
"../../../Castle/Content/Environment/meshes/railing_cont.uasset" 512
"../../../Castle/Content/Environment/meshes/stool.uasset" 513
"../../../Castle/Content/Environment/meshes/wall_candle.uasset" 514
"../../../Castle/Content/Maps/start.umap" 515
